# JRE version: Java(TM) SE Runtime Environment (8.0-b132) (build 1.8.0-b132)
# Java VM: Java HotSpot(TM) 64-Bit Server VM (25.0-b70 mixed mode windows-amd64 compressed oops)
Heap:
 PSYoungGen      total 250368K, used 122509K [0x00000000e0380000, 0x00000000fa780000, 0x0000000100000000)
  eden space 76800K, 33% used [0x00000000e0380000,0x00000000e1cb36d8,0x00000000e4e80000)
  from space 173568K, 55% used [0x00000000e4e80000,0x00000000eacf0000,0x00000000ef800000)
  to   space 173568K, 0% used [0x00000000efe00000,0x00000000efe00000,0x00000000fa780000)
 ParOldGen       total 247808K, used 226224K [0x00000000a0a00000, 0x00000000afc00000, 0x00000000e0380000)
  object space 247808K, 91% used [0x00000000a0a00000,0x00000000ae6ec370,0x00000000afc00000)
 Metaspace       used 8386K, capacity 8724K, committed 8832K, reserved 1056768K
  class space    used 1027K, capacity 1112K, committed 1152K, reserved 1048576K
GC Heap History (10 events):
Event: 9.120 GC heap before
{Heap before GC invocations=50 (full 6):
 PSYoungGen      total 243712K, used 130848K [0x00000000e0380000, 0x00000000f9b80000, 0x0000000100000000)
  eden space 70144K, 0% used [0x00000000e0380000,0x00000000e0380000,0x00000000e4800000)
  from space 173568K, 75% used [0x00000000ef180000,0x00000000f7148000,0x00000000f9b00000)
  to   space 173568K, 0% used [0x00000000e4800000,0x00000000e4800000,0x00000000ef180000)
 ParOldGen       total 192000K, used 176378K [0x00000000a0a00000, 0x00000000ac580000, 0x00000000e0380000)
  object space 192000K, 91% used [0x00000000a0a00000,0x00000000ab63ea78,0x00000000ac580000)
 Metaspace       used 7981K, capacity 8288K, committed 8576K, reserved 1056768K
  class space    used 967K, capacity 1028K, committed 1152K, reserved 1048576K
Event: 10.194 GC heap after
Heap after GC invocations=50 (full 6):
 PSYoungGen      total 243712K, used 105344K [0x00000000e0380000, 0x00000000f9b80000, 0x0000000100000000)
  eden space 70144K, 0% used [0x00000000e0380000,0x00000000e0380000,0x00000000e4800000)
  from space 173568K, 60% used [0x00000000ef180000,0x00000000f58600e8,0x00000000f9b00000)
  to   space 173568K, 0% used [0x00000000e4800000,0x00000000e4800000,0x00000000ef180000)
 ParOldGen       total 218112K, used 191610K [0x00000000a0a00000, 0x00000000adf00000, 0x00000000e0380000)
  object space 218112K, 87% used [0x00000000a0a00000,0x00000000ac51eaf8,0x00000000adf00000)
 Metaspace       used 7981K, capacity 8288K, committed 8576K, reserved 1056768K
  class space    used 967K, capacity 1028K, committed 1152K, reserved 1048576K
}
Event: 10.291 GC heap before
{Heap before GC invocations=51 (full 6):
 PSYoungGen      total 243712K, used 175488K [0x00000000e0380000, 0x00000000f9b80000, 0x0000000100000000)
  eden space 70144K, 100% used [0x00000000e0380000,0x00000000e4800000,0x00000000e4800000)
  from space 173568K, 60% used [0x00000000ef180000,0x00000000f58600e8,0x00000000f9b00000)
  to   space 173568K, 0% used [0x00000000e4800000,0x00000000e4800000,0x00000000ef180000)
 ParOldGen       total 218112K, used 191610K [0x00000000a0a00000, 0x00000000adf00000, 0x00000000e0380000)
  object space 218112K, 87% used [0x00000000a0a00000,0x00000000ac51eaf8,0x00000000adf00000)
 Metaspace       used 7981K, capacity 8288K, committed 8576K, reserved 1056768K
  class space    used 967K, capacity 1028K, committed 1152K, reserved 1048576K
Event: 10.411 GC heap after
Heap after GC invocations=51 (full 6):
 PSYoungGen      total 243712K, used 104416K [0x00000000e0380000, 0x00000000fa180000, 0x0000000100000000)
  eden space 70144K, 0% used [0x00000000e0380000,0x00000000e0380000,0x00000000e4800000)
  from space 173568K, 60% used [0x00000000e4800000,0x00000000eadf8000,0x00000000ef180000)
  to   space 173568K, 0% used [0x00000000ef800000,0x00000000ef800000,0x00000000fa180000)
 ParOldGen       total 218112K, used 200162K [0x00000000a0a00000, 0x00000000adf00000, 0x00000000e0380000)
  object space 218112K, 91% used [0x00000000a0a00000,0x00000000acd78af8,0x00000000adf00000)
 Metaspace       used 7981K, capacity 8288K, committed 8576K, reserved 1056768K
  class space    used 967K, capacity 1028K, committed 1152K, reserved 1048576K
}
Event: 10.506 GC heap before
{Heap before GC invocations=52 (full 6):
 PSYoungGen      total 243712K, used 174560K [0x00000000e0380000, 0x00000000fa180000, 0x0000000100000000)
  eden space 70144K, 100% used [0x00000000e0380000,0x00000000e4800000,0x00000000e4800000)
  from space 173568K, 60% used [0x00000000e4800000,0x00000000eadf8000,0x00000000ef180000)
  to   space 173568K, 0% used [0x00000000ef800000,0x00000000ef800000,0x00000000fa180000)
 ParOldGen       total 218112K, used 200162K [0x00000000a0a00000, 0x00000000adf00000, 0x00000000e0380000)
  object space 218112K, 91% used [0x00000000a0a00000,0x00000000acd78af8,0x00000000adf00000)
 Metaspace       used 7981K, capacity 8288K, committed 8576K, reserved 1056768K
  class space    used 967K, capacity 1028K, committed 1152K, reserved 1048576K
Event: 10.584 GC heap after
Heap after GC invocations=52 (full 6):
 PSYoungGen      total 250368K, used 103744K [0x00000000e0380000, 0x00000000fa200000, 0x0000000100000000)
  eden space 76800K, 0% used [0x00000000e0380000,0x00000000e0380000,0x00000000e4e80000)
  from space 173568K, 59% used [0x00000000ef800000,0x00000000f5d50000,0x00000000fa180000)
  to   space 173568K, 0% used [0x00000000e4e80000,0x00000000e4e80000,0x00000000ef800000)
 ParOldGen       total 218112K, used 210130K [0x00000000a0a00000, 0x00000000adf00000, 0x00000000e0380000)
  object space 218112K, 96% used [0x00000000a0a00000,0x00000000ad734af8,0x00000000adf00000)
 Metaspace       used 7981K, capacity 8288K, committed 8576K, reserved 1056768K
  class space    used 967K, capacity 1028K, committed 1152K, reserved 1048576K
}
Event: 10.584 GC heap before
{Heap before GC invocations=53 (full 7):
 PSYoungGen      total 250368K, used 103744K [0x00000000e0380000, 0x00000000fa200000, 0x0000000100000000)
  eden space 76800K, 0% used [0x00000000e0380000,0x00000000e0380000,0x00000000e4e80000)
  from space 173568K, 59% used [0x00000000ef800000,0x00000000f5d50000,0x00000000fa180000)
  to   space 173568K, 0% used [0x00000000e4e80000,0x00000000e4e80000,0x00000000ef800000)
 ParOldGen       total 218112K, used 210130K [0x00000000a0a00000, 0x00000000adf00000, 0x00000000e0380000)
  object space 218112K, 96% used [0x00000000a0a00000,0x00000000ad734af8,0x00000000adf00000)
 Metaspace       used 7981K, capacity 8288K, committed 8576K, reserved 1056768K
  class space    used 967K, capacity 1028K, committed 1152K, reserved 1048576K
Event: 11.652 GC heap after
Heap after GC invocations=53 (full 7):
 PSYoungGen      total 250368K, used 95896K [0x00000000e0380000, 0x00000000fa200000, 0x0000000100000000)
  eden space 76800K, 0% used [0x00000000e0380000,0x00000000e0380000,0x00000000e4e80000)
  from space 173568K, 55% used [0x00000000ef800000,0x00000000f55a6360,0x00000000fa180000)
  to   space 173568K, 0% used [0x00000000e4e80000,0x00000000e4e80000,0x00000000ef800000)
 ParOldGen       total 247808K, used 217688K [0x00000000a0a00000, 0x00000000afc00000, 0x00000000e0380000)
  object space 247808K, 87% used [0x00000000a0a00000,0x00000000ade96370,0x00000000afc00000)
 Metaspace       used 7981K, capacity 8288K, committed 8576K, reserved 1056768K
  class space    used 967K, capacity 1028K, committed 1152K, reserved 1048576K
}
Event: 11.755 GC heap before
{Heap before GC invocations=54 (full 7):
 PSYoungGen      total 250368K, used 172696K [0x00000000e0380000, 0x00000000fa200000, 0x0000000100000000)
  eden space 76800K, 100% used [0x00000000e0380000,0x00000000e4e80000,0x00000000e4e80000)
  from space 173568K, 55% used [0x00000000ef800000,0x00000000f55a6360,0x00000000fa180000)
  to   space 173568K, 0% used [0x00000000e4e80000,0x00000000e4e80000,0x00000000ef800000)
 ParOldGen       total 247808K, used 217688K [0x00000000a0a00000, 0x00000000afc00000, 0x00000000e0380000)
  object space 247808K, 87% used [0x00000000a0a00000,0x00000000ade96370,0x00000000afc00000)
 Metaspace       used 7981K, capacity 8288K, committed 8576K, reserved 1056768K
  class space    used 967K, capacity 1028K, committed 1152K, reserved 1048576K
Event: 11.874 GC heap after
Heap after GC invocations=54 (full 7):
 PSYoungGen      total 250368K, used 96704K [0x00000000e0380000, 0x00000000fa780000, 0x0000000100000000)
  eden space 76800K, 0% used [0x00000000e0380000,0x00000000e0380000,0x00000000e4e80000)
  from space 173568K, 55% used [0x00000000e4e80000,0x00000000eacf0000,0x00000000ef800000)
  to   space 173568K, 0% used [0x00000000efe00000,0x00000000efe00000,0x00000000fa780000)
 ParOldGen       total 247808K, used 226224K [0x00000000a0a00000, 0x00000000afc00000, 0x00000000e0380000)
  object space 247808K, 91% used [0x00000000a0a00000,0x00000000ae6ec370,0x00000000afc00000)
 Metaspace       used 7981K, capacity 8288K, committed 8576K, reserved 1056768K
  class space    used 967K, capacity 1028K, committed 1152K, reserved 1048576K
}

