# JRE version: Java(TM) SE Runtime Environment (8.0-b132) (build 1.8.0-b132)
# Java VM: Java HotSpot(TM) 64-Bit Server VM (25.0-b70 mixed mode windows-amd64 compressed oops)
Heap:
 PSYoungGen      total 11776K, used 10340K [0x00000000e0380000, 0x00000000e1880000, 0x0000000100000000)
  eden space 10752K, 86% used [0x00000000e0380000,0x00000000e0c99340,0x00000000e0e00000)
  from space 1024K, 100% used [0x00000000e0e00000,0x00000000e0f00000,0x00000000e0f00000)
  to   space 2048K, 0% used [0x00000000e1680000,0x00000000e1680000,0x00000000e1880000)
 ParOldGen       total 96768K, used 5317K [0x00000000a0a00000, 0x00000000a6880000, 0x00000000e0380000)
  object space 96768K, 5% used [0x00000000a0a00000,0x00000000a0f31498,0x00000000a6880000)
 Metaspace       used 8115K, capacity 8478K, committed 8576K, reserved 1056768K
  class space    used 987K, capacity 1095K, committed 1152K, reserved 1048576K
GC Heap History (10 events):
Event: 0.745 GC heap before
{Heap before GC invocations=9 (full 0):
 PSYoungGen      total 5120K, used 4976K [0x00000000e0380000, 0x00000000e0980000, 0x0000000100000000)
  eden space 4096K, 100% used [0x00000000e0380000,0x00000000e0780000,0x00000000e0780000)
  from space 1024K, 85% used [0x00000000e0880000,0x00000000e095c010,0x00000000e0980000)
  to   space 1024K, 0% used [0x00000000e0780000,0x00000000e0780000,0x00000000e0880000)
 ParOldGen       total 96768K, used 1163K [0x00000000a0a00000, 0x00000000a6880000, 0x00000000e0380000)
  object space 96768K, 1% used [0x00000000a0a00000,0x00000000a0b22f50,0x00000000a6880000)
 Metaspace       used 7805K, capacity 8152K, committed 8320K, reserved 1056768K
  class space    used 955K, capacity 1028K, committed 1152K, reserved 1048576K
Event: 0.751 GC heap after
Heap after GC invocations=9 (full 0):
 PSYoungGen      total 5120K, used 848K [0x00000000e0380000, 0x00000000e0d00000, 0x0000000100000000)
  eden space 4096K, 0% used [0x00000000e0380000,0x00000000e0380000,0x00000000e0780000)
  from space 1024K, 82% used [0x00000000e0780000,0x00000000e0854010,0x00000000e0880000)
  to   space 1536K, 0% used [0x00000000e0b80000,0x00000000e0b80000,0x00000000e0d00000)
 ParOldGen       total 96768K, used 1429K [0x00000000a0a00000, 0x00000000a6880000, 0x00000000e0380000)
  object space 96768K, 1% used [0x00000000a0a00000,0x00000000a0b65448,0x00000000a6880000)
 Metaspace       used 7805K, capacity 8152K, committed 8320K, reserved 1056768K
  class space    used 955K, capacity 1028K, committed 1152K, reserved 1048576K
}
Event: 0.766 GC heap before
{Heap before GC invocations=10 (full 0):
 PSYoungGen      total 5120K, used 4944K [0x00000000e0380000, 0x00000000e0d00000, 0x0000000100000000)
  eden space 4096K, 100% used [0x00000000e0380000,0x00000000e0780000,0x00000000e0780000)
  from space 1024K, 82% used [0x00000000e0780000,0x00000000e0854010,0x00000000e0880000)
  to   space 1536K, 0% used [0x00000000e0b80000,0x00000000e0b80000,0x00000000e0d00000)
 ParOldGen       total 96768K, used 1429K [0x00000000a0a00000, 0x00000000a6880000, 0x00000000e0380000)
  object space 96768K, 1% used [0x00000000a0a00000,0x00000000a0b65448,0x00000000a6880000)
 Metaspace       used 7811K, capacity 8152K, committed 8320K, reserved 1056768K
  class space    used 955K, capacity 1028K, committed 1152K, reserved 1048576K
Event: 0.771 GC heap after
Heap after GC invocations=10 (full 0):
 PSYoungGen      total 8192K, used 576K [0x00000000e0380000, 0x00000000e0d00000, 0x0000000100000000)
  eden space 6656K, 0% used [0x00000000e0380000,0x00000000e0380000,0x00000000e0a00000)
  from space 1536K, 37% used [0x00000000e0b80000,0x00000000e0c10000,0x00000000e0d00000)
  to   space 1536K, 0% used [0x00000000e0a00000,0x00000000e0a00000,0x00000000e0b80000)
 ParOldGen       total 96768K, used 1989K [0x00000000a0a00000, 0x00000000a6880000, 0x00000000e0380000)
  object space 96768K, 2% used [0x00000000a0a00000,0x00000000a0bf1468,0x00000000a6880000)
 Metaspace       used 7811K, capacity 8152K, committed 8320K, reserved 1056768K
  class space    used 955K, capacity 1028K, committed 1152K, reserved 1048576K
}
Event: 0.793 GC heap before
{Heap before GC invocations=11 (full 0):
 PSYoungGen      total 8192K, used 7232K [0x00000000e0380000, 0x00000000e0d00000, 0x0000000100000000)
  eden space 6656K, 100% used [0x00000000e0380000,0x00000000e0a00000,0x00000000e0a00000)
  from space 1536K, 37% used [0x00000000e0b80000,0x00000000e0c10000,0x00000000e0d00000)
  to   space 1536K, 0% used [0x00000000e0a00000,0x00000000e0a00000,0x00000000e0b80000)
 ParOldGen       total 96768K, used 1989K [0x00000000a0a00000, 0x00000000a6880000, 0x00000000e0380000)
  object space 96768K, 2% used [0x00000000a0a00000,0x00000000a0bf1468,0x00000000a6880000)
 Metaspace       used 7811K, capacity 8152K, committed 8320K, reserved 1056768K
  class space    used 955K, capacity 1028K, committed 1152K, reserved 1048576K
Event: 0.797 GC heap after
Heap after GC invocations=11 (full 0):
 PSYoungGen      total 8192K, used 608K [0x00000000e0380000, 0x00000000e1000000, 0x0000000100000000)
  eden space 6656K, 0% used [0x00000000e0380000,0x00000000e0380000,0x00000000e0a00000)
  from space 1536K, 39% used [0x00000000e0a00000,0x00000000e0a98000,0x00000000e0b80000)
  to   space 1024K, 0% used [0x00000000e0f00000,0x00000000e0f00000,0x00000000e1000000)
 ParOldGen       total 96768K, used 2541K [0x00000000a0a00000, 0x00000000a6880000, 0x00000000e0380000)
  object space 96768K, 2% used [0x00000000a0a00000,0x00000000a0c7b498,0x00000000a6880000)
 Metaspace       used 7811K, capacity 8152K, committed 8320K, reserved 1056768K
  class space    used 955K, capacity 1028K, committed 1152K, reserved 1048576K
}
Event: 0.814 GC heap before
{Heap before GC invocations=12 (full 0):
 PSYoungGen      total 8192K, used 7264K [0x00000000e0380000, 0x00000000e1000000, 0x0000000100000000)
  eden space 6656K, 100% used [0x00000000e0380000,0x00000000e0a00000,0x00000000e0a00000)
  from space 1536K, 39% used [0x00000000e0a00000,0x00000000e0a98000,0x00000000e0b80000)
  to   space 1024K, 0% used [0x00000000e0f00000,0x00000000e0f00000,0x00000000e1000000)
 ParOldGen       total 96768K, used 2541K [0x00000000a0a00000, 0x00000000a6880000, 0x00000000e0380000)
  object space 96768K, 2% used [0x00000000a0a00000,0x00000000a0c7b498,0x00000000a6880000)
 Metaspace       used 7812K, capacity 8152K, committed 8320K, reserved 1056768K
  class space    used 955K, capacity 1028K, committed 1152K, reserved 1048576K
Event: 0.817 GC heap after
Heap after GC invocations=12 (full 0):
 PSYoungGen      total 11776K, used 608K [0x00000000e0380000, 0x00000000e1000000, 0x0000000100000000)
  eden space 10752K, 0% used [0x00000000e0380000,0x00000000e0380000,0x00000000e0e00000)
  from space 1024K, 59% used [0x00000000e0f00000,0x00000000e0f98000,0x00000000e1000000)
  to   space 1024K, 0% used [0x00000000e0e00000,0x00000000e0e00000,0x00000000e0f00000)
 ParOldGen       total 96768K, used 3101K [0x00000000a0a00000, 0x00000000a6880000, 0x00000000e0380000)
  object space 96768K, 3% used [0x00000000a0a00000,0x00000000a0d07498,0x00000000a6880000)
 Metaspace       used 7812K, capacity 8152K, committed 8320K, reserved 1056768K
  class space    used 955K, capacity 1028K, committed 1152K, reserved 1048576K
}
Event: 0.895 GC heap before
{Heap before GC invocations=13 (full 0):
 PSYoungGen      total 11776K, used 11360K [0x00000000e0380000, 0x00000000e1000000, 0x0000000100000000)
  eden space 10752K, 100% used [0x00000000e0380000,0x00000000e0e00000,0x00000000e0e00000)
  from space 1024K, 59% used [0x00000000e0f00000,0x00000000e0f98000,0x00000000e1000000)
  to   space 1024K, 0% used [0x00000000e0e00000,0x00000000e0e00000,0x00000000e0f00000)
 ParOldGen       total 96768K, used 3101K [0x00000000a0a00000, 0x00000000a6880000, 0x00000000e0380000)
  object space 96768K, 3% used [0x00000000a0a00000,0x00000000a0d07498,0x00000000a6880000)
 Metaspace       used 7914K, capacity 8216K, committed 8576K, reserved 1056768K
  class space    used 965K, capacity 1028K, committed 1152K, reserved 1048576K
Event: 0.899 GC heap after
Heap after GC invocations=13 (full 0):
 PSYoungGen      total 11776K, used 1024K [0x00000000e0380000, 0x00000000e1880000, 0x0000000100000000)
  eden space 10752K, 0% used [0x00000000e0380000,0x00000000e0380000,0x00000000e0e00000)
  from space 1024K, 100% used [0x00000000e0e00000,0x00000000e0f00000,0x00000000e0f00000)
  to   space 2048K, 0% used [0x00000000e1680000,0x00000000e1680000,0x00000000e1880000)
 ParOldGen       total 96768K, used 5317K [0x00000000a0a00000, 0x00000000a6880000, 0x00000000e0380000)
  object space 96768K, 5% used [0x00000000a0a00000,0x00000000a0f31498,0x00000000a6880000)
 Metaspace       used 7914K, capacity 8216K, committed 8576K, reserved 1056768K
  class space    used 965K, capacity 1028K, committed 1152K, reserved 1048576K
}

