# JRE version: Java(TM) SE Runtime Environment (8.0-b132) (build 1.8.0-b132)
# Java VM: Java HotSpot(TM) 64-Bit Server VM (25.0-b70 mixed mode windows-amd64 compressed oops)
Heap:
 PSYoungGen      total 17920K, used 14615K [0x00000000e0380000, 0x00000000e1680000, 0x0000000100000000)
  eden space 16384K, 83% used [0x00000000e0380000,0x00000000e10e5fa0,0x00000000e1380000)
  from space 1536K, 58% used [0x00000000e1500000,0x00000000e15e0000,0x00000000e1680000)
  to   space 1536K, 0% used [0x00000000e1380000,0x00000000e1380000,0x00000000e1500000)
 ParOldGen       total 96768K, used 4296K [0x00000000a0a00000, 0x00000000a6880000, 0x00000000e0380000)
  object space 96768K, 4% used [0x00000000a0a00000,0x00000000a0e320a8,0x00000000a6880000)
 Metaspace       used 8488K, capacity 8856K, committed 9088K, reserved 1056768K
  class space    used 1049K, capacity 1124K, committed 1152K, reserved 1048576K
GC Heap History (10 events):
Event: 0.671 GC heap before
{Heap before GC invocations=10 (full 0):
 PSYoungGen      total 5120K, used 4480K [0x00000000e0380000, 0x00000000e0c80000, 0x0000000100000000)
  eden space 3584K, 100% used [0x00000000e0380000,0x00000000e0700000,0x00000000e0700000)
  from space 1536K, 58% used [0x00000000e0700000,0x00000000e07e0020,0x00000000e0880000)
  to   space 1536K, 0% used [0x00000000e0b00000,0x00000000e0b00000,0x00000000e0c80000)
 ParOldGen       total 96768K, used 1258K [0x00000000a0a00000, 0x00000000a6880000, 0x00000000e0380000)
  object space 96768K, 1% used [0x00000000a0a00000,0x00000000a0b3a888,0x00000000a6880000)
 Metaspace       used 7773K, capacity 8060K, committed 8320K, reserved 1056768K
  class space    used 948K, capacity 1026K, committed 1152K, reserved 1048576K
Event: 0.685 GC heap after
Heap after GC invocations=10 (full 0):
 PSYoungGen      total 7680K, used 544K [0x00000000e0380000, 0x00000000e0c80000, 0x0000000100000000)
  eden space 6144K, 0% used [0x00000000e0380000,0x00000000e0380000,0x00000000e0980000)
  from space 1536K, 35% used [0x00000000e0b00000,0x00000000e0b88000,0x00000000e0c80000)
  to   space 1536K, 0% used [0x00000000e0980000,0x00000000e0980000,0x00000000e0b00000)
 ParOldGen       total 96768K, used 1898K [0x00000000a0a00000, 0x00000000a6880000, 0x00000000e0380000)
  object space 96768K, 1% used [0x00000000a0a00000,0x00000000a0bda8a8,0x00000000a6880000)
 Metaspace       used 7773K, capacity 8060K, committed 8320K, reserved 1056768K
  class space    used 948K, capacity 1026K, committed 1152K, reserved 1048576K
}
Event: 0.705 GC heap before
{Heap before GC invocations=11 (full 0):
 PSYoungGen      total 7680K, used 6688K [0x00000000e0380000, 0x00000000e0c80000, 0x0000000100000000)
  eden space 6144K, 100% used [0x00000000e0380000,0x00000000e0980000,0x00000000e0980000)
  from space 1536K, 35% used [0x00000000e0b00000,0x00000000e0b88000,0x00000000e0c80000)
  to   space 1536K, 0% used [0x00000000e0980000,0x00000000e0980000,0x00000000e0b00000)
 ParOldGen       total 96768K, used 1898K [0x00000000a0a00000, 0x00000000a6880000, 0x00000000e0380000)
  object space 96768K, 1% used [0x00000000a0a00000,0x00000000a0bda8a8,0x00000000a6880000)
 Metaspace       used 7773K, capacity 8060K, committed 8320K, reserved 1056768K
  class space    used 948K, capacity 1026K, committed 1152K, reserved 1048576K
Event: 0.745 GC heap after
Heap after GC invocations=11 (full 0):
 PSYoungGen      total 7680K, used 576K [0x00000000e0380000, 0x00000000e1080000, 0x0000000100000000)
  eden space 6144K, 0% used [0x00000000e0380000,0x00000000e0380000,0x00000000e0980000)
  from space 1536K, 37% used [0x00000000e0980000,0x00000000e0a10000,0x00000000e0b00000)
  to   space 1536K, 0% used [0x00000000e0f00000,0x00000000e0f00000,0x00000000e1080000)
 ParOldGen       total 96768K, used 2386K [0x00000000a0a00000, 0x00000000a6880000, 0x00000000e0380000)
  object space 96768K, 2% used [0x00000000a0a00000,0x00000000a0c548d8,0x00000000a6880000)
 Metaspace       used 7773K, capacity 8060K, committed 8320K, reserved 1056768K
  class space    used 948K, capacity 1026K, committed 1152K, reserved 1048576K
}
Event: 0.766 GC heap before
{Heap before GC invocations=12 (full 0):
 PSYoungGen      total 7680K, used 6720K [0x00000000e0380000, 0x00000000e1080000, 0x0000000100000000)
  eden space 6144K, 100% used [0x00000000e0380000,0x00000000e0980000,0x00000000e0980000)
  from space 1536K, 37% used [0x00000000e0980000,0x00000000e0a10000,0x00000000e0b00000)
  to   space 1536K, 0% used [0x00000000e0f00000,0x00000000e0f00000,0x00000000e1080000)
 ParOldGen       total 96768K, used 2386K [0x00000000a0a00000, 0x00000000a6880000, 0x00000000e0380000)
  object space 96768K, 2% used [0x00000000a0a00000,0x00000000a0c548d8,0x00000000a6880000)
 Metaspace       used 7773K, capacity 8060K, committed 8320K, reserved 1056768K
  class space    used 948K, capacity 1026K, committed 1152K, reserved 1048576K
Event: 0.774 GC heap after
Heap after GC invocations=12 (full 0):
 PSYoungGen      total 11776K, used 608K [0x00000000e0380000, 0x00000000e1080000, 0x0000000100000000)
  eden space 10240K, 0% used [0x00000000e0380000,0x00000000e0380000,0x00000000e0d80000)
  from space 1536K, 39% used [0x00000000e0f00000,0x00000000e0f98000,0x00000000e1080000)
  to   space 1536K, 0% used [0x00000000e0d80000,0x00000000e0d80000,0x00000000e0f00000)
 ParOldGen       total 96768K, used 2914K [0x00000000a0a00000, 0x00000000a6880000, 0x00000000e0380000)
  object space 96768K, 3% used [0x00000000a0a00000,0x00000000a0cd88d8,0x00000000a6880000)
 Metaspace       used 7773K, capacity 8060K, committed 8320K, reserved 1056768K
  class space    used 948K, capacity 1026K, committed 1152K, reserved 1048576K
}
Event: 0.899 GC heap before
{Heap before GC invocations=13 (full 0):
 PSYoungGen      total 11776K, used 10848K [0x00000000e0380000, 0x00000000e1080000, 0x0000000100000000)
  eden space 10240K, 100% used [0x00000000e0380000,0x00000000e0d80000,0x00000000e0d80000)
  from space 1536K, 39% used [0x00000000e0f00000,0x00000000e0f98000,0x00000000e1080000)
  to   space 1536K, 0% used [0x00000000e0d80000,0x00000000e0d80000,0x00000000e0f00000)
 ParOldGen       total 96768K, used 2914K [0x00000000a0a00000, 0x00000000a6880000, 0x00000000e0380000)
  object space 96768K, 3% used [0x00000000a0a00000,0x00000000a0cd88d8,0x00000000a6880000)
 Metaspace       used 8045K, capacity 8398K, committed 8576K, reserved 1056768K
  class space    used 984K, capacity 1095K, committed 1152K, reserved 1048576K
Event: 0.901 GC heap after
Heap after GC invocations=13 (full 0):
 PSYoungGen      total 11776K, used 944K [0x00000000e0380000, 0x00000000e1680000, 0x0000000100000000)
  eden space 10240K, 0% used [0x00000000e0380000,0x00000000e0380000,0x00000000e0d80000)
  from space 1536K, 61% used [0x00000000e0d80000,0x00000000e0e6c010,0x00000000e0f00000)
  to   space 1536K, 0% used [0x00000000e1500000,0x00000000e1500000,0x00000000e1680000)
 ParOldGen       total 96768K, used 3472K [0x00000000a0a00000, 0x00000000a6880000, 0x00000000e0380000)
  object space 96768K, 3% used [0x00000000a0a00000,0x00000000a0d64058,0x00000000a6880000)
 Metaspace       used 8045K, capacity 8398K, committed 8576K, reserved 1056768K
  class space    used 984K, capacity 1095K, committed 1152K, reserved 1048576K
}
Event: 0.920 GC heap before
{Heap before GC invocations=14 (full 0):
 PSYoungGen      total 11776K, used 11184K [0x00000000e0380000, 0x00000000e1680000, 0x0000000100000000)
  eden space 10240K, 100% used [0x00000000e0380000,0x00000000e0d80000,0x00000000e0d80000)
  from space 1536K, 61% used [0x00000000e0d80000,0x00000000e0e6c010,0x00000000e0f00000)
  to   space 1536K, 0% used [0x00000000e1500000,0x00000000e1500000,0x00000000e1680000)
 ParOldGen       total 96768K, used 3472K [0x00000000a0a00000, 0x00000000a6880000, 0x00000000e0380000)
  object space 96768K, 3% used [0x00000000a0a00000,0x00000000a0d64058,0x00000000a6880000)
 Metaspace       used 8054K, capacity 8398K, committed 8576K, reserved 1056768K
  class space    used 984K, capacity 1095K, committed 1152K, reserved 1048576K
Event: 0.930 GC heap after
Heap after GC invocations=14 (full 0):
 PSYoungGen      total 17920K, used 896K [0x00000000e0380000, 0x00000000e1680000, 0x0000000100000000)
  eden space 16384K, 0% used [0x00000000e0380000,0x00000000e0380000,0x00000000e1380000)
  from space 1536K, 58% used [0x00000000e1500000,0x00000000e15e0000,0x00000000e1680000)
  to   space 1536K, 0% used [0x00000000e1380000,0x00000000e1380000,0x00000000e1500000)
 ParOldGen       total 96768K, used 4296K [0x00000000a0a00000, 0x00000000a6880000, 0x00000000e0380000)
  object space 96768K, 4% used [0x00000000a0a00000,0x00000000a0e320a8,0x00000000a6880000)
 Metaspace       used 8054K, capacity 8398K, committed 8576K, reserved 1056768K
  class space    used 984K, capacity 1095K, committed 1152K, reserved 1048576K
}

