# JRE version: Java(TM) SE Runtime Environment (8.0-b132) (build 1.8.0-b132)
# Java VM: Java HotSpot(TM) 64-Bit Server VM (25.0-b70 mixed mode windows-amd64 compressed oops)
Heap:
 PSYoungGen      total 11776K, used 5913K [0x00000000e0380000, 0x00000000e1980000, 0x0000000100000000)
  eden space 10752K, 45% used [0x00000000e0380000,0x00000000e08465f0,0x00000000e0e00000)
  from space 1024K, 100% used [0x00000000e0e00000,0x00000000e0f00000,0x00000000e0f00000)
  to   space 2560K, 0% used [0x00000000e1700000,0x00000000e1700000,0x00000000e1980000)
 ParOldGen       total 96768K, used 5786K [0x00000000a0a00000, 0x00000000a6880000, 0x00000000e0380000)
  object space 96768K, 5% used [0x00000000a0a00000,0x00000000a0fa68e8,0x00000000a6880000)
 Metaspace       used 8342K, capacity 8768K, committed 8832K, reserved 1056768K
  class space    used 1031K, capacity 1118K, committed 1152K, reserved 1048576K
GC Heap History (10 events):
Event: 0.665 GC heap before
{Heap before GC invocations=9 (full 0):
 PSYoungGen      total 5120K, used 4976K [0x00000000e0380000, 0x00000000e0980000, 0x0000000100000000)
  eden space 4096K, 100% used [0x00000000e0380000,0x00000000e0780000,0x00000000e0780000)
  from space 1024K, 85% used [0x00000000e0880000,0x00000000e095c010,0x00000000e0980000)
  to   space 1024K, 0% used [0x00000000e0780000,0x00000000e0780000,0x00000000e0880000)
 ParOldGen       total 96768K, used 1138K [0x00000000a0a00000, 0x00000000a6880000, 0x00000000e0380000)
  object space 96768K, 1% used [0x00000000a0a00000,0x00000000a0b1c898,0x00000000a6880000)
 Metaspace       used 7804K, capacity 8156K, committed 8320K, reserved 1056768K
  class space    used 956K, capacity 1028K, committed 1152K, reserved 1048576K
Event: 0.667 GC heap after
Heap after GC invocations=9 (full 0):
 PSYoungGen      total 5120K, used 848K [0x00000000e0380000, 0x00000000e0c00000, 0x0000000100000000)
  eden space 4096K, 0% used [0x00000000e0380000,0x00000000e0380000,0x00000000e0780000)
  from space 1024K, 82% used [0x00000000e0780000,0x00000000e0854010,0x00000000e0880000)
  to   space 1024K, 0% used [0x00000000e0b00000,0x00000000e0b00000,0x00000000e0c00000)
 ParOldGen       total 96768K, used 1386K [0x00000000a0a00000, 0x00000000a6880000, 0x00000000e0380000)
  object space 96768K, 1% used [0x00000000a0a00000,0x00000000a0b5a898,0x00000000a6880000)
 Metaspace       used 7804K, capacity 8156K, committed 8320K, reserved 1056768K
  class space    used 956K, capacity 1028K, committed 1152K, reserved 1048576K
}
Event: 0.692 GC heap before
{Heap before GC invocations=10 (full 0):
 PSYoungGen      total 5120K, used 4943K [0x00000000e0380000, 0x00000000e0c00000, 0x0000000100000000)
  eden space 4096K, 99% used [0x00000000e0380000,0x00000000e077fd30,0x00000000e0780000)
  from space 1024K, 82% used [0x00000000e0780000,0x00000000e0854010,0x00000000e0880000)
  to   space 1024K, 0% used [0x00000000e0b00000,0x00000000e0b00000,0x00000000e0c00000)
 ParOldGen       total 96768K, used 1386K [0x00000000a0a00000, 0x00000000a6880000, 0x00000000e0380000)
  object space 96768K, 1% used [0x00000000a0a00000,0x00000000a0b5a898,0x00000000a6880000)
 Metaspace       used 7812K, capacity 8156K, committed 8320K, reserved 1056768K
  class space    used 956K, capacity 1028K, committed 1152K, reserved 1048576K
Event: 0.705 GC heap after
Heap after GC invocations=10 (full 0):
 PSYoungGen      total 7680K, used 608K [0x00000000e0380000, 0x00000000e0c00000, 0x0000000100000000)
  eden space 6656K, 0% used [0x00000000e0380000,0x00000000e0380000,0x00000000e0a00000)
  from space 1024K, 59% used [0x00000000e0b00000,0x00000000e0b98000,0x00000000e0c00000)
  to   space 1024K, 0% used [0x00000000e0a00000,0x00000000e0a00000,0x00000000e0b00000)
 ParOldGen       total 96768K, used 1954K [0x00000000a0a00000, 0x00000000a6880000, 0x00000000e0380000)
  object space 96768K, 2% used [0x00000000a0a00000,0x00000000a0be88b8,0x00000000a6880000)
 Metaspace       used 7812K, capacity 8156K, committed 8320K, reserved 1056768K
  class space    used 956K, capacity 1028K, committed 1152K, reserved 1048576K
}
Event: 0.730 GC heap before
{Heap before GC invocations=11 (full 0):
 PSYoungGen      total 7680K, used 7264K [0x00000000e0380000, 0x00000000e0c00000, 0x0000000100000000)
  eden space 6656K, 100% used [0x00000000e0380000,0x00000000e0a00000,0x00000000e0a00000)
  from space 1024K, 59% used [0x00000000e0b00000,0x00000000e0b98000,0x00000000e0c00000)
  to   space 1024K, 0% used [0x00000000e0a00000,0x00000000e0a00000,0x00000000e0b00000)
 ParOldGen       total 96768K, used 1954K [0x00000000a0a00000, 0x00000000a6880000, 0x00000000e0380000)
  object space 96768K, 2% used [0x00000000a0a00000,0x00000000a0be88b8,0x00000000a6880000)
 Metaspace       used 7817K, capacity 8156K, committed 8320K, reserved 1056768K
  class space    used 956K, capacity 1028K, committed 1152K, reserved 1048576K
Event: 0.734 GC heap after
Heap after GC invocations=11 (full 0):
 PSYoungGen      total 7680K, used 608K [0x00000000e0380000, 0x00000000e1000000, 0x0000000100000000)
  eden space 6656K, 0% used [0x00000000e0380000,0x00000000e0380000,0x00000000e0a00000)
  from space 1024K, 59% used [0x00000000e0a00000,0x00000000e0a98000,0x00000000e0b00000)
  to   space 1024K, 0% used [0x00000000e0f00000,0x00000000e0f00000,0x00000000e1000000)
 ParOldGen       total 96768K, used 2522K [0x00000000a0a00000, 0x00000000a6880000, 0x00000000e0380000)
  object space 96768K, 2% used [0x00000000a0a00000,0x00000000a0c768e8,0x00000000a6880000)
 Metaspace       used 7817K, capacity 8156K, committed 8320K, reserved 1056768K
  class space    used 956K, capacity 1028K, committed 1152K, reserved 1048576K
}
Event: 0.755 GC heap before
{Heap before GC invocations=12 (full 0):
 PSYoungGen      total 7680K, used 7264K [0x00000000e0380000, 0x00000000e1000000, 0x0000000100000000)
  eden space 6656K, 100% used [0x00000000e0380000,0x00000000e0a00000,0x00000000e0a00000)
  from space 1024K, 59% used [0x00000000e0a00000,0x00000000e0a98000,0x00000000e0b00000)
  to   space 1024K, 0% used [0x00000000e0f00000,0x00000000e0f00000,0x00000000e1000000)
 ParOldGen       total 96768K, used 2522K [0x00000000a0a00000, 0x00000000a6880000, 0x00000000e0380000)
  object space 96768K, 2% used [0x00000000a0a00000,0x00000000a0c768e8,0x00000000a6880000)
 Metaspace       used 7817K, capacity 8156K, committed 8320K, reserved 1056768K
  class space    used 956K, capacity 1028K, committed 1152K, reserved 1048576K
Event: 0.760 GC heap after
Heap after GC invocations=12 (full 0):
 PSYoungGen      total 11776K, used 640K [0x00000000e0380000, 0x00000000e1000000, 0x0000000100000000)
  eden space 10752K, 0% used [0x00000000e0380000,0x00000000e0380000,0x00000000e0e00000)
  from space 1024K, 62% used [0x00000000e0f00000,0x00000000e0fa0000,0x00000000e1000000)
  to   space 1024K, 0% used [0x00000000e0e00000,0x00000000e0e00000,0x00000000e0f00000)
 ParOldGen       total 96768K, used 3082K [0x00000000a0a00000, 0x00000000a6880000, 0x00000000e0380000)
  object space 96768K, 3% used [0x00000000a0a00000,0x00000000a0d028e8,0x00000000a6880000)
 Metaspace       used 7817K, capacity 8156K, committed 8320K, reserved 1056768K
  class space    used 956K, capacity 1028K, committed 1152K, reserved 1048576K
}
Event: 0.891 GC heap before
{Heap before GC invocations=13 (full 0):
 PSYoungGen      total 11776K, used 11392K [0x00000000e0380000, 0x00000000e1000000, 0x0000000100000000)
  eden space 10752K, 100% used [0x00000000e0380000,0x00000000e0e00000,0x00000000e0e00000)
  from space 1024K, 62% used [0x00000000e0f00000,0x00000000e0fa0000,0x00000000e1000000)
  to   space 1024K, 0% used [0x00000000e0e00000,0x00000000e0e00000,0x00000000e0f00000)
 ParOldGen       total 96768K, used 3082K [0x00000000a0a00000, 0x00000000a6880000, 0x00000000e0380000)
  object space 96768K, 3% used [0x00000000a0a00000,0x00000000a0d028e8,0x00000000a6880000)
 Metaspace       used 7909K, capacity 8220K, committed 8576K, reserved 1056768K
  class space    used 966K, capacity 1028K, committed 1152K, reserved 1048576K
Event: 0.896 GC heap after
Heap after GC invocations=13 (full 0):
 PSYoungGen      total 11776K, used 1024K [0x00000000e0380000, 0x00000000e1980000, 0x0000000100000000)
  eden space 10752K, 0% used [0x00000000e0380000,0x00000000e0380000,0x00000000e0e00000)
  from space 1024K, 100% used [0x00000000e0e00000,0x00000000e0f00000,0x00000000e0f00000)
  to   space 2560K, 0% used [0x00000000e1700000,0x00000000e1700000,0x00000000e1980000)
 ParOldGen       total 96768K, used 5786K [0x00000000a0a00000, 0x00000000a6880000, 0x00000000e0380000)
  object space 96768K, 5% used [0x00000000a0a00000,0x00000000a0fa68e8,0x00000000a6880000)
 Metaspace       used 7909K, capacity 8220K, committed 8576K, reserved 1056768K
  class space    used 966K, capacity 1028K, committed 1152K, reserved 1048576K
}

