<?xml version="1.0" encoding="UTF-8" ?>
<testsuite tests="1" failures="0" name="compiler.bnf.TestBnf" time="0.616" errors="1" skipped="0">
  <properties>
[...]
</properties>
  <testcase classname="compiler.bnf.TestBnf" name="test" time="0.616">
    <error message="On C:\Projetos\GitHub\compilelittle\src\test\resources\test.bnf error: Parsing error on unit C:\Projetos\GitHub\compilelittle\src\test\resources\test.bnf at 2, 43. Token: &apos;packageName&apos; was not excepted at this position. Expected one of &apos;;&apos;, &apos;,&apos;, &apos;|&apos;(state 14 )" type="java.lang.RuntimeException">java.lang.RuntimeException: On C:\Projetos\GitHub\compilelittle\src\test\resources\test.bnf error: Parsing error on unit C:\Projetos\GitHub\compilelittle\src\test\resources\test.bnf at 2, 43. Token: &apos;packageName&apos; was not excepted at this position. Expected one of &apos;;&apos;, &apos;,&apos;, &apos;|&apos;(state 14 )
	at compiler.AstCompiler.lambda$parse$0(AstCompiler.java:70)
	at java.util.stream.ReferencePipeline$3$1.accept(ReferencePipeline.java:193)
	at java.util.ArrayList$ArrayListSpliterator.forEachRemaining(ArrayList.java:1374)
	at java.util.stream.AbstractPipeline.copyInto(AbstractPipeline.java:481)
	at java.util.stream.ForEachOps$ForEachTask.compute(ForEachOps.java:291)
	at java.util.concurrent.CountedCompleter.exec(CountedCompleter.java:731)
	at java.util.concurrent.ForkJoinTask.doExec(ForkJoinTask.java:289)
	at java.util.concurrent.ForkJoinTask.doInvoke(ForkJoinTask.java:401)
	at java.util.concurrent.ForkJoinTask.invoke(ForkJoinTask.java:734)
	at java.util.stream.ForEachOps$ForEachOp.evaluateParallel(ForEachOps.java:160)
	at java.util.stream.ForEachOps$ForEachOp$OfRef.evaluateParallel(ForEachOps.java:174)
	at java.util.stream.AbstractPipeline.evaluate(AbstractPipeline.java:233)
	at java.util.stream.ReferencePipeline.forEach(ReferencePipeline.java:418)
	at compiler.CompilationResultSet.sendTo(CompilationResultSet.java:42)
	at compiler.bnf.TestBnf.test(TestBnf.java:32)
	at sun.reflect.NativeMethodAccessorImpl.invoke0(Native Method)
	at sun.reflect.NativeMethodAccessorImpl.invoke(NativeMethodAccessorImpl.java:62)
	at sun.reflect.DelegatingMethodAccessorImpl.invoke(DelegatingMethodAccessorImpl.java:43)
	at java.lang.reflect.Method.invoke(Method.java:498)
	at org.junit.internal.runners.TestMethodRunner.executeMethodBody(TestMethodRunner.java:99)
	at org.junit.internal.runners.TestMethodRunner.runUnprotected(TestMethodRunner.java:81)
	at org.junit.internal.runners.BeforeAndAfterRunner.runProtected(BeforeAndAfterRunner.java:34)
	at org.junit.internal.runners.TestMethodRunner.runMethod(TestMethodRunner.java:75)
	at org.junit.internal.runners.TestMethodRunner.run(TestMethodRunner.java:45)
	at org.junit.internal.runners.TestClassMethodsRunner.invokeTestMethod(TestClassMethodsRunner.java:71)
	at org.junit.internal.runners.TestClassMethodsRunner.run(TestClassMethodsRunner.java:35)
	at org.junit.internal.runners.TestClassRunner$1.runUnprotected(TestClassRunner.java:42)
	at org.junit.internal.runners.BeforeAndAfterRunner.runProtected(BeforeAndAfterRunner.java:34)
	at org.junit.internal.runners.TestClassRunner.run(TestClassRunner.java:52)
	at org.apache.maven.surefire.junit4.JUnit4Provider.execute(JUnit4Provider.java:252)
	at org.apache.maven.surefire.junit4.JUnit4Provider.executeTestSet(JUnit4Provider.java:141)
	at org.apache.maven.surefire.junit4.JUnit4Provider.invoke(JUnit4Provider.java:112)
	at sun.reflect.NativeMethodAccessorImpl.invoke0(Native Method)
	at sun.reflect.NativeMethodAccessorImpl.invoke(NativeMethodAccessorImpl.java:62)
	at sun.reflect.DelegatingMethodAccessorImpl.invoke(DelegatingMethodAccessorImpl.java:43)
	at java.lang.reflect.Method.invoke(Method.java:498)
	at org.apache.maven.surefire.util.ReflectionUtils.invokeMethodWithArray(ReflectionUtils.java:189)
	at org.apache.maven.surefire.booter.ProviderFactory$ProviderProxy.invoke(ProviderFactory.java:165)
	at org.apache.maven.surefire.booter.ProviderFactory.invokeProvider(ProviderFactory.java:85)
	at org.apache.maven.surefire.booter.ForkedBooter.runSuitesInProcess(ForkedBooter.java:115)
	at org.apache.maven.surefire.booter.ForkedBooter.main(ForkedBooter.java:75)
Caused by: java.lang.RuntimeException: Parsing error on unit C:\Projetos\GitHub\compilelittle\src\test\resources\test.bnf at 2, 43. Token: &apos;packageName&apos; was not excepted at this position. Expected one of &apos;;&apos;, &apos;,&apos;, &apos;|&apos;(state 14 )
	at compiler.parser.BottomUpParser.parse(BottomUpParser.java:78)
	at compiler.AstCompiler.lambda$parse$0(AstCompiler.java:59)
	... 40 more
</error>
    <system-out>Produce Table 101 ms
Creation of Table 33 ms
</system-out>
    <system-err>Compilation Error :Parsing error on unit C:\Projetos\GitHub\compilelittle\src\test\resources\test.bnf at 2, 43. Token: &apos;packageName&apos; was not excepted at this position. Expected one of &apos;;&apos;, &apos;,&apos;, &apos;|&apos;(state 14 )
</system-err>
  </testcase>
</testsuite>